<?xml version="1.0" encoding="UTF-8"?>
<!-- Generated by org.testng.reporters.JUnitReportReporter -->
<testsuite hostname="IN-5CD509525T" failures="0" tests="1" name="com.nagarro.testcase.DashboardTest" time="14.055" errors="0" timestamp="2025-06-15T18:04:12 IST" skipped="0">
  <testcase classname="com.nagarro.testcase.DashboardTest" name="VerifyLogin" time="14.055"/>
</testsuite> <!-- com.nagarro.testcase.DashboardTest -->
