<?xml version="1.0" encoding="UTF-8"?>
<!-- Generated by org.testng.reporters.JUnitReportReporter -->
<testsuite hostname="IN-5CD509525T" failures="0" tests="1" name="com.nagarro.testcase.PaymentTestCase" time="18.376" errors="0" timestamp="2025-06-16T11:38:08 IST" skipped="0">
  <testcase classname="com.nagarro.testcase.PaymentTestCase" name="testcourses" time="18.376"/>
</testsuite> <!-- com.nagarro.testcase.PaymentTestCase -->
