<?xml version="1.0" encoding="UTF-8"?>
<!-- Generated by org.testng.reporters.JUnitReportReporter -->
<testsuite hostname="IN-5CD509525T" failures="0" tests="1" name="com.nagarro.testcase.SearchTestCase" time="8.683" errors="0" timestamp="2025-06-14T17:15:58 IST" skipped="0">
  <testcase classname="com.nagarro.testcase.SearchTestCase" name="searchCourseTest" time="8.683"/>
</testsuite> <!-- com.nagarro.testcase.SearchTestCase -->
