<?xml version="1.0" encoding="UTF-8"?>
<!-- Generated by org.testng.reporters.JUnitReportReporter -->
<testsuite hostname="IN-5CD509525T" failures="0" tests="1" name="com.nagarro.testcase.LoginTest" time="2.794" errors="0" timestamp="2025-06-11T18:01:58 IST" skipped="0">
  <testcase classname="com.nagarro.testcase.LoginTest" name="verifyLogin" time="2.794"/>
</testsuite> <!-- com.nagarro.testcase.LoginTest -->
