<?xml version="1.0" encoding="UTF-8"?>
<!-- Generated by org.testng.reporters.JUnitReportReporter -->
<testsuite hostname="IN-5CD509525T" failures="0" tests="1" name="com.nagarro.testcase.TestDemo" time="0.017" errors="0" timestamp="2025-06-11T09:27:29 IST" skipped="0">
  <testcase classname="com.nagarro.testcase.TestDemo" name="testCheck" time="0.017"/>
</testsuite> <!-- com.nagarro.testcase.TestDemo -->
